  convering_infix_to_postfix.c
C:\Users\jumin\Documents\Data_Sturcture\stack\convering_infix_to_postfix.c(11,6): error C2061: 구문 오류: 식별자 'comparepriority'
C:\Users\jumin\Documents\Data_Sturcture\stack\convering_infix_to_postfix.c(11,6): error C2059: 구문 오류: ';'
C:\Users\jumin\Documents\Data_Sturcture\stack\convering_infix_to_postfix.c(11,27): error C2059: 구문 오류: '<parameter-list>'
C:\Users\jumin\Documents\Data_Sturcture\stack\convering_infix_to_postfix.c(22,8): error C2065: 'Stack': 선언되지 않은 식별자입니다.
C:\Users\jumin\Documents\Data_Sturcture\stack\convering_infix_to_postfix.c(22,8): error C2146: 구문 오류: ';'이(가) 'stack' 식별자 앞에 없습니다.
C:\Users\jumin\Documents\Data_Sturcture\stack\convering_infix_to_postfix.c(22,13): error C2065: 'stack': 선언되지 않은 식별자입니다.
C:\Users\jumin\Documents\Data_Sturcture\stack\convering_infix_to_postfix.c(23,11): warning C4013: 'initstack'이(가) 정의되지 않았습니다. extern은 int형을 반환하는 것으로 간주합니다.
C:\Users\jumin\Documents\Data_Sturcture\stack\convering_infix_to_postfix.c(23,18): error C2065: 'stack': 선언되지 않은 식별자입니다.
C:\Users\jumin\Documents\Data_Sturcture\stack\convering_infix_to_postfix.c(27,14): warning C4013: 'isdigit'이(가) 정의되지 않았습니다. extern은 int형을 반환하는 것으로 간주합니다.
C:\Users\jumin\Documents\Data_Sturcture\stack\convering_infix_to_postfix.c(30,19): warning C4013: 'isempty'이(가) 정의되지 않았습니다. extern은 int형을 반환하는 것으로 간주합니다.
C:\Users\jumin\Documents\Data_Sturcture\stack\convering_infix_to_postfix.c(30,26): error C2065: 'stack': 선언되지 않은 식별자입니다.
C:\Users\jumin\Documents\Data_Sturcture\stack\convering_infix_to_postfix.c(30,46): warning C4013: 'comparepriority'이(가) 정의되지 않았습니다. extern은 int형을 반환하는 것으로 간주합니다.
C:\Users\jumin\Documents\Data_Sturcture\stack\convering_infix_to_postfix.c(30,51): warning C4013: 'peek'이(가) 정의되지 않았습니다. extern은 int형을 반환하는 것으로 간주합니다.
C:\Users\jumin\Documents\Data_Sturcture\stack\convering_infix_to_postfix.c(30,58): error C2065: 'stack': 선언되지 않은 식별자입니다.
C:\Users\jumin\Documents\Data_Sturcture\stack\convering_infix_to_postfix.c(31,33): error C2065: 'stack': 선언되지 않은 식별자입니다.
C:\Users\jumin\Documents\Data_Sturcture\stack\convering_infix_to_postfix.c(32,8): warning C4013: 'pop'이(가) 정의되지 않았습니다. extern은 int형을 반환하는 것으로 간주합니다.
C:\Users\jumin\Documents\Data_Sturcture\stack\convering_infix_to_postfix.c(32,15): error C2065: 'stack': 선언되지 않은 식별자입니다.
C:\Users\jumin\Documents\Data_Sturcture\stack\convering_infix_to_postfix.c(34,8): warning C4013: 'push'이(가) 정의되지 않았습니다. extern은 int형을 반환하는 것으로 간주합니다.
C:\Users\jumin\Documents\Data_Sturcture\stack\convering_infix_to_postfix.c(34,15): error C2065: 'stack': 선언되지 않은 식별자입니다.
C:\Users\jumin\Documents\Data_Sturcture\stack\convering_infix_to_postfix.c(37,24): error C2065: 'stack': 선언되지 않은 식별자입니다.
C:\Users\jumin\Documents\Data_Sturcture\stack\convering_infix_to_postfix.c(38,31): error C2065: 'stack': 선언되지 않은 식별자입니다.
C:\Users\jumin\Documents\Data_Sturcture\stack\convering_infix_to_postfix.c(39,13): error C2065: 'stack': 선언되지 않은 식별자입니다.
C:\Users\jumin\Documents\Data_Sturcture\stack\convering_infix_to_postfix.c(41,8): warning C4013: 'printf'이(가) 정의되지 않았습니다. extern은 int형을 반환하는 것으로 간주합니다.
  evaluate_postix_notation.c
C:\Users\jumin\Documents\Data_Sturcture\stack\evaluate_postix_notation.c(31,7): warning C4013: 'exit'이(가) 정의되지 않았습니다. extern은 int형을 반환하는 것으로 간주합니다.
  parenthesis_matching.c
C:\Users\jumin\Documents\Data_Sturcture\stack\parenthesis_matching.c(31,7): warning C4013: 'exit'이(가) 정의되지 않았습니다. extern은 int형을 반환하는 것으로 간주합니다.
  코드를 생성하고 있습니다...
